TN:
SF:src/components/Forms/Button/index.tsx
FN:11,Button
FNF:1
FNH:1
FNDA:4,Button
DA:12,4
LF:1
LH:1
BRF:0
BRH:0
end_of_record
TN:
SF:src/components/Forms/CategorySelectButton/index.tsx
FN:9,CategorySelectButton
FNF:1
FNH:1
FNDA:2,CategorySelectButton
DA:14,2
LF:1
LH:1
BRF:0
BRH:0
end_of_record
TN:
SF:src/components/Forms/Input/index.tsx
FN:10,Input
FNF:1
FNH:1
FNDA:5,Input
DA:11,5
LF:1
LH:1
BRDA:10,0,0,4
BRF:1
BRH:1
end_of_record
TN:
SF:src/components/Forms/InputForm/index.tsx
FN:15,InputForm
FN:20,(anonymous_1)
FNF:2
FNH:2
FNDA:4,InputForm
FNDA:4,(anonymous_1)
DA:16,4
DA:21,4
LF:2
LH:2
BRDA:25,0,0,4
BRDA:25,0,1,0
BRF:2
BRH:1
end_of_record
TN:
SF:src/components/Forms/TransactionTypeButton/index.tsx
FN:18,TransactionTypeButton
FNF:1
FNH:1
FNDA:4,TransactionTypeButton
DA:13,1
DA:24,4
LF:2
LH:2
BRF:0
BRH:0
end_of_record
TN:
SF:src/components/HighlightCart/index.tsx
FN:26,HighlightCart
FNF:1
FNH:0
FNDA:0,HighlightCart
DA:20,0
DA:32,0
LF:2
LH:0
BRDA:40,0,0,0
BRDA:40,0,1,0
BRF:2
BRH:0
end_of_record
TN:
SF:src/components/HistoryCard/index.tsx
FN:10,HistoryCard
FNF:1
FNH:0
FNDA:0,HistoryCard
DA:11,0
LF:1
LH:0
BRF:0
BRH:0
end_of_record
TN:
SF:src/components/SignInSocialButton/index.tsx
FN:11,SignInSocialButton
FNF:1
FNH:0
FNDA:0,SignInSocialButton
DA:12,0
LF:1
LH:0
BRF:0
BRH:0
end_of_record
TN:
SF:src/components/TransactionCard/index.tsx
FN:26,TransactionCard
FN:29,(anonymous_1)
FNF:2
FNH:0
FNDA:0,TransactionCard
FNDA:0,(anonymous_1)
DA:27,0
DA:29,0
DA:30,0
LF:3
LH:0
BRDA:34,0,0,0
BRDA:34,0,1,0
BRF:2
BRH:0
end_of_record
TN:
SF:src/hooks/auth.tsx
FN:43,AuthProvider
FN:48,signInWithGoogle
FN:78,signInWithApple
FN:107,signOut
FN:112,(anonymous_4)
FN:113,loadUserStorageData
FN:140,useAuth
FNF:7
FNH:5
FNDA:3,AuthProvider
FNDA:2,signInWithGoogle
FNDA:0,signInWithApple
FNDA:0,signOut
FNDA:2,(anonymous_4)
FNDA:2,loadUserStorageData
FNDA:5,useAuth
DA:12,2
DA:13,2
DA:41,2
DA:44,3
DA:45,3
DA:46,3
DA:49,2
DA:50,2
DA:51,2
DA:53,2
DA:55,2
DA:58,2
DA:59,1
DA:62,1
DA:63,1
DA:69,1
DA:71,1
DA:74,1
DA:79,0
DA:80,0
DA:87,0
DA:88,0
DA:89,0
DA:90,0
DA:97,0
DA:98,0
DA:100,0
DA:103,0
DA:108,0
DA:109,0
DA:112,3
DA:114,2
DA:116,0
DA:117,0
DA:118,0
DA:120,0
DA:122,2
DA:125,3
DA:141,5
DA:142,5
LF:40
LH:24
BRDA:58,0,0,1
BRDA:58,0,1,1
BRDA:87,1,0,0
BRDA:87,1,1,0
BRDA:116,2,0,0
BRDA:116,2,1,0
BRF:6
BRH:2
end_of_record
TN:
SF:src/routes/app.routes.tsx
FN:11,AppRoutes
FN:30,(anonymous_1)
FN:43,(anonymous_2)
FN:52,(anonymous_3)
FNF:4
FNH:0
FNDA:0,AppRoutes
FNDA:0,(anonymous_1)
FNDA:0,(anonymous_2)
FNDA:0,(anonymous_3)
DA:9,0
DA:12,0
DA:13,0
DA:31,0
DA:44,0
DA:53,0
LF:6
LH:0
BRDA:21,0,0,0
BRDA:21,0,1,0
BRDA:22,1,0,0
BRDA:22,1,1,0
BRF:4
BRH:0
end_of_record
TN:
SF:src/routes/auth.routes.tsx
FN:9,AuthRoutes
FNF:1
FNH:0
FNDA:0,AuthRoutes
DA:7,0
DA:10,0
LF:2
LH:0
BRF:0
BRH:0
end_of_record
TN:
SF:src/routes/index.tsx
FN:9,Routes
FNF:1
FNH:0
FNDA:0,Routes
DA:10,0
DA:12,0
LF:2
LH:0
BRDA:14,0,0,0
BRDA:14,0,1,0
BRF:2
BRH:0
end_of_record
TN:
SF:src/screens/CategorySelect/index.tsx
FN:27,CategorySelect
FN:32,handleCategorySelect
FN:45,(anonymous_2)
FN:46,(anonymous_3)
FN:48,(anonymous_4)
FNF:5
FNH:3
FNDA:2,CategorySelect
FNDA:0,handleCategorySelect
FNDA:12,(anonymous_2)
FNDA:12,(anonymous_3)
FNDA:0,(anonymous_4)
DA:33,0
DA:36,2
DA:45,12
DA:47,12
DA:48,0
LF:5
LH:3
BRF:0
BRH:0
end_of_record
TN:
SF:src/screens/Dashboard/index.tsx
FN:47,Dashboard
FN:56,getLastTransactionDate
FN:64,(anonymous_2)
FN:65,(anonymous_3)
FN:75,loadTransactions
FN:84,(anonymous_5)
FN:157,(anonymous_6)
FN:163,(anonymous_7)
FN:214,(anonymous_8)
FN:215,(anonymous_9)
FNF:10
FNH:0
FNDA:0,Dashboard
FNDA:0,getLastTransactionDate
FNDA:0,(anonymous_2)
FNDA:0,(anonymous_3)
FNDA:0,loadTransactions
FNDA:0,(anonymous_5)
FNDA:0,(anonymous_6)
FNDA:0,(anonymous_7)
FNDA:0,(anonymous_8)
FNDA:0,(anonymous_9)
DA:48,0
DA:49,0
DA:50,0
DA:53,0
DA:54,0
DA:60,0
DA:64,0
DA:65,0
DA:69,0
DA:76,0
DA:77,0
DA:78,0
DA:80,0
DA:81,0
DA:83,0
DA:85,0
DA:86,0
DA:88,0
DA:91,0
DA:95,0
DA:101,0
DA:112,0
DA:113,0
DA:117,0
DA:121,0
DA:122,0
DA:124,0
DA:157,0
DA:158,0
DA:159,0
DA:162,0
DA:164,0
DA:168,0
DA:214,0
DA:215,0
LF:35
LH:0
BRDA:78,0,0,0
BRDA:78,0,1,0
BRDA:85,1,0,0
BRDA:85,1,1,0
BRDA:131,2,0,0
BRDA:131,2,1,0
BRDA:142,3,0,0
BRDA:142,3,1,0
BRDA:170,4,0,0
BRDA:170,4,1,0
BRF:10
BRH:0
end_of_record
TN:
SF:src/screens/Profile/index.tsx
FN:4,Profile
FN:15,(anonymous_1)
FNF:2
FNH:1
FNDA:3,Profile
FNDA:0,(anonymous_1)
DA:5,3
LF:1
LH:1
BRF:0
BRH:0
end_of_record
TN:
SF:src/screens/Register/index.tsx
FN:42,Register
FN:58,handleTransactionTypeSelect
FN:64,handleCloseSelectCategoryModal
FN:68,handleOpenSelectCategoryModal
FN:72,handleRegister
FN:117,(anonymous_5)
FN:118,loadData
FN:151,(anonymous_7)
FN:157,(anonymous_8)
FNF:9
FNH:4
FNDA:2,Register
FNDA:0,handleTransactionTypeSelect
FNDA:0,handleCloseSelectCategoryModal
FNDA:1,handleOpenSelectCategoryModal
FNDA:0,handleRegister
FNDA:1,(anonymous_5)
FNDA:1,loadData
FNDA:0,(anonymous_7)
FNDA:0,(anonymous_8)
DA:34,1
DA:43,2
DA:44,2
DA:45,2
DA:49,2
DA:51,2
DA:52,2
DA:53,2
DA:59,0
DA:60,0
DA:65,0
DA:69,1
DA:73,0
DA:74,0
DA:75,0
DA:80,0
DA:84,0
DA:85,0
DA:88,0
DA:97,0
DA:98,0
DA:99,0
DA:100,0
DA:101,0
DA:103,0
DA:104,0
DA:107,0
DA:108,0
DA:112,0
DA:117,2
DA:119,1
DA:121,1
DA:124,2
DA:151,0
DA:157,0
LF:35
LH:13
BRDA:59,0,0,0
BRDA:59,0,1,0
BRDA:73,1,0,0
BRDA:73,1,1,0
BRDA:74,2,0,0
BRDA:74,2,1,0
BRDA:84,3,0,0
BRDA:84,3,1,0
BRDA:99,4,0,0
BRDA:99,4,1,0
BRDA:138,5,0,2
BRDA:138,5,1,0
BRDA:145,6,0,2
BRDA:145,6,1,0
BRF:14
BRH:2
end_of_record
TN:
SF:src/screens/Resume/index.tsx
FN:45,Resume
FN:54,handleDateChange
FN:62,loadData
FN:69,(anonymous_3)
FN:76,(anonymous_4)
FN:84,(anonymous_5)
FN:87,(anonymous_6)
FN:116,(anonymous_7)
FN:139,(anonymous_8)
FN:145,(anonymous_9)
FN:155,(anonymous_10)
FN:166,(anonymous_11)
FNF:12
FNH:0
FNDA:0,Resume
FNDA:0,handleDateChange
FNDA:0,loadData
FNDA:0,(anonymous_3)
FNDA:0,(anonymous_4)
FNDA:0,(anonymous_5)
FNDA:0,(anonymous_6)
FNDA:0,(anonymous_7)
FNDA:0,(anonymous_8)
FNDA:0,(anonymous_9)
FNDA:0,(anonymous_10)
FNDA:0,(anonymous_11)
DA:46,0
DA:47,0
DA:48,0
DA:51,0
DA:52,0
DA:55,0
DA:56,0
DA:58,0
DA:63,0
DA:64,0
DA:65,0
DA:66,0
DA:68,0
DA:70,0
DA:75,0
DA:77,0
DA:82,0
DA:84,0
DA:85,0
DA:87,0
DA:88,0
DA:89,0
DA:92,0
DA:93,0
DA:98,0
DA:100,0
DA:111,0
DA:112,0
DA:115,0
DA:117,0
DA:121,0
DA:139,0
DA:145,0
DA:155,0
DA:167,0
LF:35
LH:0
BRDA:55,0,0,0
BRDA:55,0,1,0
BRDA:66,1,0,0
BRDA:66,1,1,0
BRDA:70,2,0,0
BRDA:70,2,1,0
BRDA:70,2,2,0
BRDA:88,3,0,0
BRDA:88,3,1,0
BRDA:92,4,0,0
BRDA:92,4,1,0
BRDA:126,5,0,0
BRDA:126,5,1,0
BRF:13
BRH:0
end_of_record
TN:
SF:src/screens/SignIn/index.tsx
FN:21,SignIn
FN:26,handleSignInWithGoogle
FN:36,handleSignInWithApple
FNF:3
FNH:0
FNDA:0,SignIn
FNDA:0,handleSignInWithGoogle
FNDA:0,handleSignInWithApple
DA:22,0
DA:23,0
DA:24,0
DA:27,0
DA:28,0
DA:29,0
DA:31,0
DA:32,0
DA:33,0
DA:37,0
DA:38,0
DA:40,0
DA:42,0
DA:43,0
DA:44,0
DA:48,0
LF:16
LH:0
BRDA:66,0,0,0
BRDA:66,0,1,0
BRDA:74,1,0,0
BRDA:74,1,1,0
BRF:4
BRH:0
end_of_record
